2017-06-28 17:44:35.912 [main] INFO  com.ideacome.ComparatorApplication - Starting ComparatorApplication on PC201603241400 with PID 8612 (D:\githubprojects\comparator\target\classes started by hwangfantasy in D:\githubprojects\comparator)
2017-06-28 17:44:35.915 [main] INFO  com.ideacome.ComparatorApplication - No active profile set, falling back to default profiles: default
2017-06-28 17:44:35.959 [main] INFO  o.s.b.c.e.AnnotationConfigEmbeddedWebApplicationContext - Refreshing org.springframework.boot.context.embedded.AnnotationConfigEmbeddedWebApplicationContext@31932672: startup date [Wed Jun 28 17:44:35 CST 2017]; root of context hierarchy
2017-06-28 17:44:36.289 [background-preinit] INFO  org.hibernate.validator.internal.util.Version - HV000001: Hibernate Validator 5.2.4.Final
2017-06-28 17:44:37.457 [main] INFO  o.s.b.factory.support.DefaultListableBeanFactory - Overriding bean definition for bean 'scheduledTaskRepository' with a different definition: replacing [Generic bean: class [org.mybatis.spring.mapper.MapperFactoryBean]; scope=singleton; abstract=false; lazyInit=false; autowireMode=2; dependencyCheck=0; autowireCandidate=true; primary=false; factoryBeanName=null; factoryMethodName=null; initMethodName=null; destroyMethodName=null; defined in file [D:\githubprojects\comparator\target\classes\com\ideacome\dao\ScheduledTaskRepository.class]] with [Root bean: class [org.springframework.data.jpa.repository.support.JpaRepositoryFactoryBean]; scope=; abstract=false; lazyInit=false; autowireMode=0; dependencyCheck=0; autowireCandidate=true; primary=false; factoryBeanName=null; factoryMethodName=null; initMethodName=null; destroyMethodName=null]
2017-06-28 17:44:37.464 [main] INFO  o.s.b.factory.support.DefaultListableBeanFactory - Overriding bean definition for bean 'onlineCompareRepository' with a different definition: replacing [Generic bean: class [org.mybatis.spring.mapper.MapperFactoryBean]; scope=singleton; abstract=false; lazyInit=false; autowireMode=2; dependencyCheck=0; autowireCandidate=true; primary=false; factoryBeanName=null; factoryMethodName=null; initMethodName=null; destroyMethodName=null; defined in file [D:\githubprojects\comparator\target\classes\com\ideacome\dao\OnlineCompareRepository.class]] with [Root bean: class [org.springframework.data.jpa.repository.support.JpaRepositoryFactoryBean]; scope=; abstract=false; lazyInit=false; autowireMode=0; dependencyCheck=0; autowireCandidate=true; primary=false; factoryBeanName=null; factoryMethodName=null; initMethodName=null; destroyMethodName=null]
2017-06-28 17:44:37.809 [main] INFO  o.s.c.s.PostProcessorRegistrationDelegate$BeanPostProcessorChecker - Bean 'org.springframework.transaction.annotation.ProxyTransactionManagementConfiguration' of type [class org.springframework.transaction.annotation.ProxyTransactionManagementConfiguration$$EnhancerBySpringCGLIB$$e108df69] is not eligible for getting processed by all BeanPostProcessors (for example: not eligible for auto-proxying)
2017-06-28 17:44:38.268 [main] INFO  o.s.b.c.e.tomcat.TomcatEmbeddedServletContainer - Tomcat initialized with port(s): 9527 (http)
2017-06-28 17:44:38.399 [localhost-startStop-1] INFO  org.springframework.web.context.ContextLoader - Root WebApplicationContext: initialization completed in 2440 ms
2017-06-28 17:44:38.626 [localhost-startStop-1] INFO  o.s.boot.web.servlet.ServletRegistrationBean - Mapping servlet: 'dispatcherServlet' to [/]
2017-06-28 17:44:38.627 [localhost-startStop-1] INFO  o.s.boot.web.servlet.ServletRegistrationBean - Mapping servlet: 'webServlet' to [/h2-console/*]
2017-06-28 17:44:38.630 [localhost-startStop-1] INFO  o.s.boot.web.servlet.FilterRegistrationBean - Mapping filter: 'characterEncodingFilter' to: [/*]
2017-06-28 17:44:38.630 [localhost-startStop-1] INFO  o.s.boot.web.servlet.FilterRegistrationBean - Mapping filter: 'hiddenHttpMethodFilter' to: [/*]
2017-06-28 17:44:38.630 [localhost-startStop-1] INFO  o.s.boot.web.servlet.FilterRegistrationBean - Mapping filter: 'httpPutFormContentFilter' to: [/*]
2017-06-28 17:44:38.631 [localhost-startStop-1] INFO  o.s.boot.web.servlet.FilterRegistrationBean - Mapping filter: 'requestContextFilter' to: [/*]
2017-06-28 17:44:38.838 [main] INFO  o.s.orm.jpa.LocalContainerEntityManagerFactoryBean - Building JPA container EntityManagerFactory for persistence unit 'default'
2017-06-28 17:44:38.853 [main] INFO  org.hibernate.jpa.internal.util.LogHelper - HHH000204: Processing PersistenceUnitInfo [
	name: default
	...]
2017-06-28 17:44:38.934 [main] INFO  org.hibernate.Version - HHH000412: Hibernate Core {5.0.11.Final}
2017-06-28 17:44:38.936 [main] INFO  org.hibernate.cfg.Environment - HHH000206: hibernate.properties not found
2017-06-28 17:44:38.936 [main] INFO  org.hibernate.cfg.Environment - HHH000021: Bytecode provider name : javassist
2017-06-28 17:44:38.979 [main] INFO  org.hibernate.annotations.common.Version - HCANN000001: Hibernate Commons Annotations {5.0.1.Final}
2017-06-28 17:44:39.215 [main] ERROR com.alibaba.druid.pool.DruidDataSource - testWhileIdle is true, validationQuery not set
2017-06-28 17:44:39.226 [main] INFO  com.alibaba.druid.pool.DruidDataSource - {dataSource-1} inited
2017-06-28 17:44:39.327 [main] INFO  org.hibernate.dialect.Dialect - HHH000400: Using dialect: org.hibernate.dialect.H2Dialect
2017-06-28 17:44:39.733 [main] INFO  org.hibernate.tool.hbm2ddl.SchemaUpdate - HHH000228: Running hbm2ddl schema update
2017-06-28 17:44:39.745 [main] INFO  o.h.t.s.e.i.InformationExtractorJdbcDatabaseMetaDataImpl - HHH000262: Table not found: online_compare
2017-06-28 17:44:39.746 [main] INFO  o.h.t.s.e.i.InformationExtractorJdbcDatabaseMetaDataImpl - HHH000262: Table not found: online_compare
2017-06-28 17:44:39.755 [main] INFO  o.h.t.s.e.i.InformationExtractorJdbcDatabaseMetaDataImpl - HHH000262: Table not found: scheduled_task
2017-06-28 17:44:39.756 [main] INFO  o.h.t.s.e.i.InformationExtractorJdbcDatabaseMetaDataImpl - HHH000262: Table not found: scheduled_task
2017-06-28 17:44:39.790 [main] INFO  o.s.orm.jpa.LocalContainerEntityManagerFactoryBean - Initialized JPA EntityManagerFactory for persistence unit 'default'
2017-06-28 17:44:40.036 [main] ERROR com.ideacome.task.LaunchTask - 项目启动邮件测试正常!
2017-06-28 17:44:40.390 [main] INFO  o.s.scheduling.concurrent.ThreadPoolTaskScheduler - Initializing ExecutorService  'threadPoolTaskScheduler'
2017-06-28 17:44:40.406 [main] INFO  com.ideacome.task.LaunchTask - 初始化启动所有定时任务：1 项任务
2017-06-28 17:44:40.743 [main] INFO  o.s.w.s.m.m.a.RequestMappingHandlerAdapter - Looking for @ControllerAdvice: org.springframework.boot.context.embedded.AnnotationConfigEmbeddedWebApplicationContext@31932672: startup date [Wed Jun 28 17:44:35 CST 2017]; root of context hierarchy
2017-06-28 17:44:40.816 [main] INFO  o.s.w.s.m.m.a.RequestMappingHandlerMapping - Mapped "{[/compare/testOnlineCompare]}" onto public java.lang.Object com.ideacome.controller.CompareController.testOnlineCompare()
2017-06-28 17:44:40.817 [main] INFO  o.s.w.s.m.m.a.RequestMappingHandlerMapping - Mapped "{[/compare/testScheduledTask]}" onto public java.lang.Object com.ideacome.controller.CompareController.testScheduledTask()
2017-06-28 17:44:40.820 [main] INFO  o.s.w.s.m.m.a.RequestMappingHandlerMapping - Mapped "{[/error]}" onto public org.springframework.http.ResponseEntity<java.util.Map<java.lang.String, java.lang.Object>> org.springframework.boot.autoconfigure.web.BasicErrorController.error(javax.servlet.http.HttpServletRequest)
2017-06-28 17:44:40.820 [main] INFO  o.s.w.s.m.m.a.RequestMappingHandlerMapping - Mapped "{[/error],produces=[text/html]}" onto public org.springframework.web.servlet.ModelAndView org.springframework.boot.autoconfigure.web.BasicErrorController.errorHtml(javax.servlet.http.HttpServletRequest,javax.servlet.http.HttpServletResponse)
2017-06-28 17:44:40.860 [main] INFO  o.s.web.servlet.handler.SimpleUrlHandlerMapping - Mapped URL path [/webjars/**] onto handler of type [class org.springframework.web.servlet.resource.ResourceHttpRequestHandler]
2017-06-28 17:44:40.861 [main] INFO  o.s.web.servlet.handler.SimpleUrlHandlerMapping - Mapped URL path [/**] onto handler of type [class org.springframework.web.servlet.resource.ResourceHttpRequestHandler]
2017-06-28 17:44:40.912 [main] INFO  o.s.web.servlet.handler.SimpleUrlHandlerMapping - Mapped URL path [/**/favicon.ico] onto handler of type [class org.springframework.web.servlet.resource.ResourceHttpRequestHandler]
2017-06-28 17:44:41.449 [main] INFO  o.s.jmx.export.annotation.AnnotationMBeanExporter - Registering beans for JMX exposure on startup
2017-06-28 17:44:41.451 [main] INFO  o.s.jmx.export.annotation.AnnotationMBeanExporter - Bean with name 'dataSource' has been autodetected for JMX exposure
2017-06-28 17:44:41.456 [main] INFO  o.s.jmx.export.annotation.AnnotationMBeanExporter - Located MBean 'dataSource': registering with JMX server as MBean [com.alibaba.druid.pool:name=dataSource,type=DruidDataSource]
2017-06-28 17:44:41.506 [threadPoolTaskScheduler-1] INFO  com.ideacome.task.SystemTask - 系统定时查看并启动定时任务：0 项任务
2017-06-28 17:44:41.540 [main] INFO  o.s.b.c.e.tomcat.TomcatEmbeddedServletContainer - Tomcat started on port(s): 9527 (http)
2017-06-28 17:44:41.546 [main] INFO  com.ideacome.ComparatorApplication - Started ComparatorApplication in 6.073 seconds (JVM running for 7.012)
2017-06-28 17:45:35.568 [main] INFO  com.hwangfantasy.ComparatorApplication - Starting ComparatorApplication on PC201603241400 with PID 4740 (D:\githubprojects\comparator\target\classes started by hwangfantasy in D:\githubprojects\comparator)
2017-06-28 17:45:35.572 [main] INFO  com.hwangfantasy.ComparatorApplication - No active profile set, falling back to default profiles: default
2017-06-28 17:45:35.621 [main] INFO  o.s.b.c.e.AnnotationConfigEmbeddedWebApplicationContext - Refreshing org.springframework.boot.context.embedded.AnnotationConfigEmbeddedWebApplicationContext@3fb97458: startup date [Wed Jun 28 17:45:35 CST 2017]; root of context hierarchy
2017-06-28 17:45:35.960 [background-preinit] INFO  org.hibernate.validator.internal.util.Version - HV000001: Hibernate Validator 5.2.4.Final
2017-06-28 17:45:37.098 [main] INFO  o.s.b.factory.support.DefaultListableBeanFactory - Overriding bean definition for bean 'scheduledTaskRepository' with a different definition: replacing [Generic bean: class [org.mybatis.spring.mapper.MapperFactoryBean]; scope=singleton; abstract=false; lazyInit=false; autowireMode=2; dependencyCheck=0; autowireCandidate=true; primary=false; factoryBeanName=null; factoryMethodName=null; initMethodName=null; destroyMethodName=null; defined in file [D:\githubprojects\comparator\target\classes\com\hwangfantasy\dao\ScheduledTaskRepository.class]] with [Root bean: class [org.springframework.data.jpa.repository.support.JpaRepositoryFactoryBean]; scope=; abstract=false; lazyInit=false; autowireMode=0; dependencyCheck=0; autowireCandidate=true; primary=false; factoryBeanName=null; factoryMethodName=null; initMethodName=null; destroyMethodName=null]
2017-06-28 17:45:37.105 [main] INFO  o.s.b.factory.support.DefaultListableBeanFactory - Overriding bean definition for bean 'onlineCompareRepository' with a different definition: replacing [Generic bean: class [org.mybatis.spring.mapper.MapperFactoryBean]; scope=singleton; abstract=false; lazyInit=false; autowireMode=2; dependencyCheck=0; autowireCandidate=true; primary=false; factoryBeanName=null; factoryMethodName=null; initMethodName=null; destroyMethodName=null; defined in file [D:\githubprojects\comparator\target\classes\com\hwangfantasy\dao\OnlineCompareRepository.class]] with [Root bean: class [org.springframework.data.jpa.repository.support.JpaRepositoryFactoryBean]; scope=; abstract=false; lazyInit=false; autowireMode=0; dependencyCheck=0; autowireCandidate=true; primary=false; factoryBeanName=null; factoryMethodName=null; initMethodName=null; destroyMethodName=null]
2017-06-28 17:45:37.454 [main] INFO  o.s.c.s.PostProcessorRegistrationDelegate$BeanPostProcessorChecker - Bean 'org.springframework.transaction.annotation.ProxyTransactionManagementConfiguration' of type [class org.springframework.transaction.annotation.ProxyTransactionManagementConfiguration$$EnhancerBySpringCGLIB$$86f1d798] is not eligible for getting processed by all BeanPostProcessors (for example: not eligible for auto-proxying)
2017-06-28 17:45:37.820 [main] INFO  o.s.b.c.e.tomcat.TomcatEmbeddedServletContainer - Tomcat initialized with port(s): 9527 (http)
2017-06-28 17:45:37.928 [localhost-startStop-1] INFO  org.springframework.web.context.ContextLoader - Root WebApplicationContext: initialization completed in 2307 ms
2017-06-28 17:45:38.175 [localhost-startStop-1] INFO  o.s.boot.web.servlet.ServletRegistrationBean - Mapping servlet: 'dispatcherServlet' to [/]
2017-06-28 17:45:38.176 [localhost-startStop-1] INFO  o.s.boot.web.servlet.ServletRegistrationBean - Mapping servlet: 'webServlet' to [/h2-console/*]
2017-06-28 17:45:38.180 [localhost-startStop-1] INFO  o.s.boot.web.servlet.FilterRegistrationBean - Mapping filter: 'characterEncodingFilter' to: [/*]
2017-06-28 17:45:38.180 [localhost-startStop-1] INFO  o.s.boot.web.servlet.FilterRegistrationBean - Mapping filter: 'hiddenHttpMethodFilter' to: [/*]
2017-06-28 17:45:38.180 [localhost-startStop-1] INFO  o.s.boot.web.servlet.FilterRegistrationBean - Mapping filter: 'httpPutFormContentFilter' to: [/*]
2017-06-28 17:45:38.180 [localhost-startStop-1] INFO  o.s.boot.web.servlet.FilterRegistrationBean - Mapping filter: 'requestContextFilter' to: [/*]
2017-06-28 17:45:38.358 [main] INFO  o.s.orm.jpa.LocalContainerEntityManagerFactoryBean - Building JPA container EntityManagerFactory for persistence unit 'default'
2017-06-28 17:45:38.370 [main] INFO  org.hibernate.jpa.internal.util.LogHelper - HHH000204: Processing PersistenceUnitInfo [
	name: default
	...]
2017-06-28 17:45:38.430 [main] INFO  org.hibernate.Version - HHH000412: Hibernate Core {5.0.11.Final}
2017-06-28 17:45:38.431 [main] INFO  org.hibernate.cfg.Environment - HHH000206: hibernate.properties not found
2017-06-28 17:45:38.432 [main] INFO  org.hibernate.cfg.Environment - HHH000021: Bytecode provider name : javassist
2017-06-28 17:45:38.466 [main] INFO  org.hibernate.annotations.common.Version - HCANN000001: Hibernate Commons Annotations {5.0.1.Final}
2017-06-28 17:45:38.651 [main] ERROR com.alibaba.druid.pool.DruidDataSource - testWhileIdle is true, validationQuery not set
2017-06-28 17:45:38.658 [main] INFO  com.alibaba.druid.pool.DruidDataSource - {dataSource-1} inited
2017-06-28 17:45:38.725 [main] INFO  org.hibernate.dialect.Dialect - HHH000400: Using dialect: org.hibernate.dialect.H2Dialect
2017-06-28 17:45:39.042 [main] INFO  org.hibernate.tool.hbm2ddl.SchemaUpdate - HHH000228: Running hbm2ddl schema update
2017-06-28 17:45:39.053 [main] INFO  o.h.t.s.e.i.InformationExtractorJdbcDatabaseMetaDataImpl - HHH000262: Table not found: online_compare
2017-06-28 17:45:39.054 [main] INFO  o.h.t.s.e.i.InformationExtractorJdbcDatabaseMetaDataImpl - HHH000262: Table not found: online_compare
2017-06-28 17:45:39.062 [main] INFO  o.h.t.s.e.i.InformationExtractorJdbcDatabaseMetaDataImpl - HHH000262: Table not found: scheduled_task
2017-06-28 17:45:39.062 [main] INFO  o.h.t.s.e.i.InformationExtractorJdbcDatabaseMetaDataImpl - HHH000262: Table not found: scheduled_task
2017-06-28 17:45:39.090 [main] INFO  o.s.orm.jpa.LocalContainerEntityManagerFactoryBean - Initialized JPA EntityManagerFactory for persistence unit 'default'
2017-06-28 17:45:39.317 [main] ERROR com.hwangfantasy.task.LaunchTask - 项目启动邮件测试正常!
2017-06-28 17:45:39.633 [main] INFO  o.s.scheduling.concurrent.ThreadPoolTaskScheduler - Initializing ExecutorService  'threadPoolTaskScheduler'
2017-06-28 17:45:39.650 [main] INFO  com.hwangfantasy.task.LaunchTask - 初始化启动所有定时任务：1 项任务
2017-06-28 17:45:39.959 [main] INFO  o.s.w.s.m.m.a.RequestMappingHandlerAdapter - Looking for @ControllerAdvice: org.springframework.boot.context.embedded.AnnotationConfigEmbeddedWebApplicationContext@3fb97458: startup date [Wed Jun 28 17:45:35 CST 2017]; root of context hierarchy
2017-06-28 17:45:40.022 [main] INFO  o.s.w.s.m.m.a.RequestMappingHandlerMapping - Mapped "{[/compare/testOnlineCompare]}" onto public java.lang.Object com.hwangfantasy.controller.CompareController.testOnlineCompare()
2017-06-28 17:45:40.023 [main] INFO  o.s.w.s.m.m.a.RequestMappingHandlerMapping - Mapped "{[/compare/testScheduledTask]}" onto public java.lang.Object com.hwangfantasy.controller.CompareController.testScheduledTask()
2017-06-28 17:45:40.027 [main] INFO  o.s.w.s.m.m.a.RequestMappingHandlerMapping - Mapped "{[/error]}" onto public org.springframework.http.ResponseEntity<java.util.Map<java.lang.String, java.lang.Object>> org.springframework.boot.autoconfigure.web.BasicErrorController.error(javax.servlet.http.HttpServletRequest)
2017-06-28 17:45:40.027 [main] INFO  o.s.w.s.m.m.a.RequestMappingHandlerMapping - Mapped "{[/error],produces=[text/html]}" onto public org.springframework.web.servlet.ModelAndView org.springframework.boot.autoconfigure.web.BasicErrorController.errorHtml(javax.servlet.http.HttpServletRequest,javax.servlet.http.HttpServletResponse)
2017-06-28 17:45:40.069 [main] INFO  o.s.web.servlet.handler.SimpleUrlHandlerMapping - Mapped URL path [/webjars/**] onto handler of type [class org.springframework.web.servlet.resource.ResourceHttpRequestHandler]
2017-06-28 17:45:40.069 [main] INFO  o.s.web.servlet.handler.SimpleUrlHandlerMapping - Mapped URL path [/**] onto handler of type [class org.springframework.web.servlet.resource.ResourceHttpRequestHandler]
2017-06-28 17:45:40.117 [main] INFO  o.s.web.servlet.handler.SimpleUrlHandlerMapping - Mapped URL path [/**/favicon.ico] onto handler of type [class org.springframework.web.servlet.resource.ResourceHttpRequestHandler]
2017-06-28 17:45:40.602 [main] INFO  o.s.jmx.export.annotation.AnnotationMBeanExporter - Registering beans for JMX exposure on startup
2017-06-28 17:45:40.604 [main] INFO  o.s.jmx.export.annotation.AnnotationMBeanExporter - Bean with name 'dataSource' has been autodetected for JMX exposure
2017-06-28 17:45:40.609 [main] INFO  o.s.jmx.export.annotation.AnnotationMBeanExporter - Located MBean 'dataSource': registering with JMX server as MBean [com.alibaba.druid.pool:name=dataSource,type=DruidDataSource]
2017-06-28 17:45:40.656 [threadPoolTaskScheduler-1] INFO  com.hwangfantasy.task.SystemTask - 系统定时查看并启动定时任务：0 项任务
2017-06-28 17:45:40.689 [main] INFO  o.s.b.c.e.tomcat.TomcatEmbeddedServletContainer - Tomcat started on port(s): 9527 (http)
2017-06-28 17:45:40.693 [main] INFO  com.hwangfantasy.ComparatorApplication - Started ComparatorApplication in 5.666 seconds (JVM running for 6.473)
